Determining if the pthread_create exist failed with the following output:
Change Dir: /home/gwf/pack/catkin_rslidar16_ws/build/CMakeFiles/CMakeTmp

Run Build Command:"/usr/bin/make" "cmTC_9970b/fast"
/usr/bin/make -f CMakeFiles/cmTC_9970b.dir/build.make CMakeFiles/cmTC_9970b.dir/build
make[1]: 进入目录“/home/gwf/pack/catkin_rslidar16_ws/build/CMakeFiles/CMakeTmp”
Building C object CMakeFiles/cmTC_9970b.dir/CheckSymbolExists.c.o
/usr/bin/cc    -o CMakeFiles/cmTC_9970b.dir/CheckSymbolExists.c.o   -c /home/gwf/pack/catkin_rslidar16_ws/build/CMakeFiles/CMakeTmp/CheckSymbolExists.c
Linking C executable cmTC_9970b
/usr/bin/cmake -E cmake_link_script CMakeFiles/cmTC_9970b.dir/link.txt --verbose=1
/usr/bin/cc      -rdynamic CMakeFiles/cmTC_9970b.dir/CheckSymbolExists.c.o  -o cmTC_9970b 
CMakeFiles/cmTC_9970b.dir/CheckSymbolExists.c.o：在函数‘main’中：
CheckSymbolExists.c:(.text+0x1b)：对‘pthread_create’未定义的引用
collect2: error: ld returned 1 exit status
CMakeFiles/cmTC_9970b.dir/build.make:97: recipe for target 'cmTC_9970b' failed
make[1]: *** [cmTC_9970b] Error 1
make[1]: 离开目录“/home/gwf/pack/catkin_rslidar16_ws/build/CMakeFiles/CMakeTmp”
Makefile:126: recipe for target 'cmTC_9970b/fast' failed
make: *** [cmTC_9970b/fast] Error 2

File /home/gwf/pack/catkin_rslidar16_ws/build/CMakeFiles/CMakeTmp/CheckSymbolExists.c:
/* */
#include <pthread.h>

int main(int argc, char** argv)
{
  (void)argv;
#ifndef pthread_create
  return ((int*)(&pthread_create))[argc];
#else
  (void)argc;
  return 0;
#endif
}

Determining if the function pthread_create exists in the pthreads failed with the following output:
Change Dir: /home/gwf/pack/catkin_rslidar16_ws/build/CMakeFiles/CMakeTmp

Run Build Command:"/usr/bin/make" "cmTC_3532b/fast"
/usr/bin/make -f CMakeFiles/cmTC_3532b.dir/build.make CMakeFiles/cmTC_3532b.dir/build
make[1]: 进入目录“/home/gwf/pack/catkin_rslidar16_ws/build/CMakeFiles/CMakeTmp”
Building C object CMakeFiles/cmTC_3532b.dir/CheckFunctionExists.c.o
/usr/bin/cc   -DCHECK_FUNCTION_EXISTS=pthread_create   -o CMakeFiles/cmTC_3532b.dir/CheckFunctionExists.c.o   -c /usr/share/cmake-3.10/Modules/CheckFunctionExists.c
Linking C executable cmTC_3532b
/usr/bin/cmake -E cmake_link_script CMakeFiles/cmTC_3532b.dir/link.txt --verbose=1
/usr/bin/cc  -DCHECK_FUNCTION_EXISTS=pthread_create    -rdynamic CMakeFiles/cmTC_3532b.dir/CheckFunctionExists.c.o  -o cmTC_3532b -lpthreads 
/usr/bin/ld: 找不到 -lpthreads
collect2: error: ld returned 1 exit status
CMakeFiles/cmTC_3532b.dir/build.make:97: recipe for target 'cmTC_3532b' failed
make[1]: *** [cmTC_3532b] Error 1
make[1]: 离开目录“/home/gwf/pack/catkin_rslidar16_ws/build/CMakeFiles/CMakeTmp”
Makefile:126: recipe for target 'cmTC_3532b/fast' failed
make: *** [cmTC_3532b/fast] Error 2


